The system is: Windows - 10.0.18362 - AMD64
Compiling the CXX compiler identification source file "CMakeCXXCompilerId.cpp" succeeded.
Compiler: C:/cygwin64/bin/c++.exe 
Build flags: 
Id flags:  

The output was:
0


Compilation of the CXX compiler identification source "CMakeCXXCompilerId.cpp" produced "a.exe"

The CXX compiler identification is GNU, found in "C:/Users/Admin/Documents/UDEMY_ESP32_WIFI_CODE/coap_server_Copy/main/build/CMakeFiles/3.24.0/CompilerIdCXX/a.exe"

The system is: Windows - 10.0.18362 - AMD64
Compiling the CXX compiler identification source file "CMakeCXXCompilerId.cpp" succeeded.
Compiler: C:/cygwin64/bin/c++.exe 
Build flags: 
Id flags:  

The output was:
0


Compilation of the CXX compiler identification source "CMakeCXXCompilerId.cpp" produced "a.exe"

The CXX compiler identification is GNU, found in "C:/Users/Admin/Documents/UDEMY_ESP32_WIFI_CODE/coap_server_Copy/main/build/CMakeFiles/3.24.0/CompilerIdCXX/a.exe"

The system is: Windows - 10.0.18362 - AMD64
Compiling the CXX compiler identification source file "CMakeCXXCompilerId.cpp" succeeded.
Compiler: C:/cygwin64/bin/c++.exe 
Build flags: 
Id flags:  

The output was:
0


Compilation of the CXX compiler identification source "CMakeCXXCompilerId.cpp" produced "a.exe"

The CXX compiler identification is GNU, found in "C:/Users/Admin/Documents/UDEMY_ESP32_WIFI_CODE/coap_server_Copy/main/build/CMakeFiles/3.24.0/CompilerIdCXX/a.exe"

The system is: Windows - 10.0.18362 - AMD64
Compiling the CXX compiler identification source file "CMakeCXXCompilerId.cpp" succeeded.
Compiler: C:/cygwin64/bin/c++.exe 
Build flags: 
Id flags:  

The output was:
0


Compilation of the CXX compiler identification source "CMakeCXXCompilerId.cpp" produced "a.exe"

The CXX compiler identification is GNU, found in "C:/Users/Admin/Documents/UDEMY_ESP32_WIFI_CODE/coap_server_Copy/main/build/CMakeFiles/3.24.0/CompilerIdCXX/a.exe"

The system is: Windows - 10.0.18362 - AMD64
Compiling the CXX compiler identification source file "CMakeCXXCompilerId.cpp" succeeded.
Compiler: C:/cygwin64/bin/c++.exe 
Build flags: 
Id flags:  

The output was:
0


Compilation of the CXX compiler identification source "CMakeCXXCompilerId.cpp" produced "a.exe"

The CXX compiler identification is GNU, found in "C:/Users/Admin/Documents/UDEMY_ESP32_WIFI_CODE/coap_server_Copy/main/build/CMakeFiles/3.24.0/CompilerIdCXX/a.exe"

